0 info it worked if it ends with ok
1 verbose cli [ '/Users/student/.nvm/versions/node/v6.11.3/bin/node',
1 verbose cli   '/Users/student/.nvm/versions/node/v6.11.3/bin/npm',
1 verbose cli   'install',
1 verbose cli   'magic' ]
2 info using npm@3.10.10
3 info using node@v6.11.3
4 silly loadCurrentTree Starting
5 silly install loadCurrentTree
6 silly install readLocalPackageData
7 silly fetchPackageMetaData magic
8 silly fetchNamedPackageData magic
9 silly mapToRegistry name magic
10 silly mapToRegistry using default registry
11 silly mapToRegistry registry https://registry.npmjs.org/
12 silly mapToRegistry data Result {
12 silly mapToRegistry   raw: 'magic',
12 silly mapToRegistry   scope: null,
12 silly mapToRegistry   escapedName: 'magic',
12 silly mapToRegistry   name: 'magic',
12 silly mapToRegistry   rawSpec: '',
12 silly mapToRegistry   spec: 'latest',
12 silly mapToRegistry   type: 'tag' }
13 silly mapToRegistry uri https://registry.npmjs.org/magic
14 verbose request uri https://registry.npmjs.org/magic
15 verbose request no auth needed
16 info attempt registry request try #1 at 3:55:51 PM
17 verbose request id b856fd166e544206
18 http request GET https://registry.npmjs.org/magic
19 http 200 https://registry.npmjs.org/magic
20 verbose headers { 'content-type': 'application/json; charset=UTF-8',
20 verbose headers   server: 'UploadServer',
20 verbose headers   'cache-control': 'max-age=300',
20 verbose headers   'last-modified': 'Fri, 15 Apr 2011 21:23:41 GMT',
20 verbose headers   etag: '"4da8b75d-e96"',
20 verbose headers   'content-encoding': 'gzip',
20 verbose headers   'content-length': '941',
20 verbose headers   'accept-ranges': 'bytes',
20 verbose headers   date: 'Thu, 14 Dec 2017 23:55:52 GMT',
20 verbose headers   via: '1.1 varnish',
20 verbose headers   age: '0',
20 verbose headers   connection: 'keep-alive',
20 verbose headers   'x-served-by': 'cache-sjc3128-SJC',
20 verbose headers   'x-cache': 'MISS',
20 verbose headers   'x-cache-hits': '0',
20 verbose headers   'x-timer': 'S1513295752.083437,VS0,VE172',
20 verbose headers   vary: 'Accept-Encoding, Accept' }
21 silly get cb [ 200,
21 silly get   { 'content-type': 'application/json; charset=UTF-8',
21 silly get     server: 'UploadServer',
21 silly get     'cache-control': 'max-age=300',
21 silly get     'last-modified': 'Fri, 15 Apr 2011 21:23:41 GMT',
21 silly get     etag: '"4da8b75d-e96"',
21 silly get     'content-encoding': 'gzip',
21 silly get     'content-length': '941',
21 silly get     'accept-ranges': 'bytes',
21 silly get     date: 'Thu, 14 Dec 2017 23:55:52 GMT',
21 silly get     via: '1.1 varnish',
21 silly get     age: '0',
21 silly get     connection: 'keep-alive',
21 silly get     'x-served-by': 'cache-sjc3128-SJC',
21 silly get     'x-cache': 'MISS',
21 silly get     'x-cache-hits': '0',
21 silly get     'x-timer': 'S1513295752.083437,VS0,VE172',
21 silly get     vary: 'Accept-Encoding, Accept' } ]
22 verbose get saving magic to /Users/student/.npm/registry.npmjs.org/magic/.cache.json
23 verbose correctMkdir /Users/student/.npm correctMkdir not in flight; initializing
24 silly install normalizeTree
25 silly loadCurrentTree Finishing
26 silly loadIdealTree Starting
27 silly install loadIdealTree
28 silly cloneCurrentTree Starting
29 silly install cloneCurrentTreeToIdealTree
30 silly cloneCurrentTree Finishing
31 silly loadShrinkwrap Starting
32 silly install loadShrinkwrap
33 silly loadShrinkwrap Finishing
34 silly loadAllDepsIntoIdealTree Starting
35 silly install loadAllDepsIntoIdealTree
36 silly resolveWithNewModule magic@1.0.3 checking installable status
37 silly cache add args [ 'magic', null ]
38 verbose cache add spec magic
39 silly cache add parsed spec Result {
39 silly cache add   raw: 'magic',
39 silly cache add   scope: null,
39 silly cache add   escapedName: 'magic',
39 silly cache add   name: 'magic',
39 silly cache add   rawSpec: '',
39 silly cache add   spec: 'latest',
39 silly cache add   type: 'tag' }
40 silly addNamed magic@latest
41 verbose addNamed "latest" is being treated as a dist-tag for magic
42 info addNameTag [ 'magic', 'latest' ]
43 silly mapToRegistry name magic
44 silly mapToRegistry using default registry
45 silly mapToRegistry registry https://registry.npmjs.org/
46 silly mapToRegistry data Result {
46 silly mapToRegistry   raw: 'magic',
46 silly mapToRegistry   scope: null,
46 silly mapToRegistry   escapedName: 'magic',
46 silly mapToRegistry   name: 'magic',
46 silly mapToRegistry   rawSpec: '',
46 silly mapToRegistry   spec: 'latest',
46 silly mapToRegistry   type: 'tag' }
47 silly mapToRegistry uri https://registry.npmjs.org/magic
48 verbose addNameTag registry:https://registry.npmjs.org/magic not in flight; fetching
49 verbose get https://registry.npmjs.org/magic not expired, no request
50 silly addNameTag next cb for magic with tag latest
51 silly addNamed magic@1.0.3
52 verbose addNamed "1.0.3" is a plain semver version for magic
53 silly mapToRegistry name magic
54 silly mapToRegistry using default registry
55 silly mapToRegistry registry https://registry.npmjs.org/
56 silly mapToRegistry data Result {
56 silly mapToRegistry   raw: 'magic',
56 silly mapToRegistry   scope: null,
56 silly mapToRegistry   escapedName: 'magic',
56 silly mapToRegistry   name: 'magic',
56 silly mapToRegistry   rawSpec: '',
56 silly mapToRegistry   spec: 'latest',
56 silly mapToRegistry   type: 'tag' }
57 silly mapToRegistry uri https://registry.npmjs.org/magic
58 verbose addRemoteTarball https://registry.npmjs.org/magic/-/magic-1.0.3.tgz not in flight; adding
59 verbose addRemoteTarball [ 'https://registry.npmjs.org/magic/-/magic-1.0.3.tgz',
59 verbose addRemoteTarball   '6181772b7d84197fe9bd79db20382b336aa1151a' ]
60 info retry fetch attempt 1 at 3:55:52 PM
61 info attempt registry request try #1 at 3:55:52 PM
62 http fetch GET https://registry.npmjs.org/magic/-/magic-1.0.3.tgz
63 http fetch 200 https://registry.npmjs.org/magic/-/magic-1.0.3.tgz
64 silly fetchAndShaCheck shasum 6181772b7d84197fe9bd79db20382b336aa1151a
65 verbose addTmpTarball /var/folders/8d/ngy3jd111z56jbp898dl9zvw0000gp/T/npm-7325-a28a6966/registry.npmjs.org/magic/-/magic-1.0.3.tgz not in flight; adding
66 verbose addTmpTarball already have metadata; skipping unpack for magic@1.0.3
67 verbose correctMkdir /Users/student/.npm correctMkdir not in flight; initializing
68 silly cache afterAdd magic@1.0.3
69 verbose afterAdd /Users/student/.npm/magic/1.0.3/package/package.json not in flight; writing
70 verbose correctMkdir /Users/student/.npm correctMkdir not in flight; initializing
71 verbose afterAdd /Users/student/.npm/magic/1.0.3/package/package.json written
72 silly loadAllDepsIntoIdealTree Finishing
73 silly loadIdealTree Finishing
74 silly currentTree recast.ly@1.1.0
74 silly currentTree ├── acorn@5.2.1
74 silly currentTree ├── amdefine@1.0.1
74 silly currentTree ├── ansi-regex@2.1.1
74 silly currentTree ├── ansi-styles@2.2.1
74 silly currentTree ├── anymatch@1.3.2
74 silly currentTree ├── arr-diff@2.0.0
74 silly currentTree ├── arr-flatten@1.1.0
74 silly currentTree ├── array-unique@0.2.1
74 silly currentTree ├── asap@2.0.6
74 silly currentTree ├── assertion-error@1.0.2
74 silly currentTree ├── ast-types@0.9.6
74 silly currentTree ├── async-each@1.0.1
74 silly currentTree ├─┬ babel-cli@6.26.0
74 silly currentTree │ ├── glob@7.1.2
74 silly currentTree │ └── source-map@0.5.7
74 silly currentTree ├── babel-code-frame@6.26.0
74 silly currentTree ├─┬ babel-core@6.26.0
74 silly currentTree │ └── source-map@0.5.7
74 silly currentTree ├─┬ babel-generator@6.26.0
74 silly currentTree │ └── source-map@0.5.7
74 silly currentTree ├── babel-helper-builder-react-jsx@6.26.0
74 silly currentTree ├── babel-helper-call-delegate@6.24.1
74 silly currentTree ├── babel-helper-define-map@6.26.0
74 silly currentTree ├── babel-helper-function-name@6.24.1
74 silly currentTree ├── babel-helper-get-function-arity@6.24.1
74 silly currentTree ├── babel-helper-hoist-variables@6.24.1
74 silly currentTree ├── babel-helper-optimise-call-expression@6.24.1
74 silly currentTree ├── babel-helper-regex@6.26.0
74 silly currentTree ├── babel-helper-replace-supers@6.24.1
74 silly currentTree ├── babel-helpers@6.24.1
74 silly currentTree ├── babel-messages@6.23.0
74 silly currentTree ├── babel-plugin-check-es2015-constants@6.22.0
74 silly currentTree ├── babel-plugin-syntax-flow@6.18.0
74 silly currentTree ├── babel-plugin-syntax-jsx@6.18.0
74 silly currentTree ├── babel-plugin-transform-es2015-arrow-functions@6.22.0
74 silly currentTree ├── babel-plugin-transform-es2015-block-scoped-functions@6.22.0
74 silly currentTree ├── babel-plugin-transform-es2015-block-scoping@6.26.0
74 silly currentTree ├── babel-plugin-transform-es2015-classes@6.24.1
74 silly currentTree ├── babel-plugin-transform-es2015-computed-properties@6.24.1
74 silly currentTree ├── babel-plugin-transform-es2015-destructuring@6.23.0
74 silly currentTree ├── babel-plugin-transform-es2015-duplicate-keys@6.24.1
74 silly currentTree ├── babel-plugin-transform-es2015-for-of@6.23.0
74 silly currentTree ├── babel-plugin-transform-es2015-function-name@6.24.1
74 silly currentTree ├── babel-plugin-transform-es2015-literals@6.22.0
74 silly currentTree ├── babel-plugin-transform-es2015-modules-amd@6.24.1
74 silly currentTree ├── babel-plugin-transform-es2015-modules-commonjs@6.26.0
74 silly currentTree ├── babel-plugin-transform-es2015-modules-systemjs@6.24.1
74 silly currentTree ├── babel-plugin-transform-es2015-modules-umd@6.24.1
74 silly currentTree ├── babel-plugin-transform-es2015-object-super@6.24.1
74 silly currentTree ├── babel-plugin-transform-es2015-parameters@6.24.1
74 silly currentTree ├── babel-plugin-transform-es2015-shorthand-properties@6.24.1
74 silly currentTree ├── babel-plugin-transform-es2015-spread@6.22.0
74 silly currentTree ├── babel-plugin-transform-es2015-sticky-regex@6.24.1
74 silly currentTree ├── babel-plugin-transform-es2015-template-literals@6.22.0
74 silly currentTree ├── babel-plugin-transform-es2015-typeof-symbol@6.23.0
74 silly currentTree ├── babel-plugin-transform-es2015-unicode-regex@6.24.1
74 silly currentTree ├── babel-plugin-transform-flow-strip-types@6.22.0
74 silly currentTree ├── babel-plugin-transform-react-display-name@6.25.0
74 silly currentTree ├── babel-plugin-transform-react-jsx-self@6.22.0
74 silly currentTree ├── babel-plugin-transform-react-jsx-source@6.22.0
74 silly currentTree ├── babel-plugin-transform-react-jsx@6.24.1
74 silly currentTree ├── babel-plugin-transform-regenerator@6.26.0
74 silly currentTree ├── babel-plugin-transform-strict-mode@6.24.1
74 silly currentTree ├─┬ babel-polyfill@6.26.0
74 silly currentTree │ ├── core-js@2.5.3
74 silly currentTree │ └── regenerator-runtime@0.10.5
74 silly currentTree ├── babel-preset-es2015@6.24.1
74 silly currentTree ├── babel-preset-flow@6.23.0
74 silly currentTree ├── babel-preset-react@6.24.1
74 silly currentTree ├─┬ babel-register@6.26.0
74 silly currentTree │ └── core-js@2.5.3
74 silly currentTree ├─┬ babel-runtime@6.26.0
74 silly currentTree │ └── core-js@2.5.3
74 silly currentTree ├── babel-template@6.26.0
74 silly currentTree ├── babel-traverse@6.26.0
74 silly currentTree ├── babel-types@6.26.0
74 silly currentTree ├── babylon@6.18.0
74 silly currentTree ├── balanced-match@1.0.0
74 silly currentTree ├── base62@1.2.1
74 silly currentTree ├── binary-extensions@1.11.0
74 silly currentTree ├── bootstrap@4.0.0-beta.2
74 silly currentTree ├── brace-expansion@1.1.8
74 silly currentTree ├── braces@1.8.5
74 silly currentTree ├── chai@3.5.0
74 silly currentTree ├── chalk@1.1.3
74 silly currentTree ├── chokidar@1.7.0
74 silly currentTree ├── commander@2.12.2
74 silly currentTree ├── commoner@0.10.8
74 silly currentTree ├── concat-map@0.0.1
74 silly currentTree ├── convert-source-map@1.5.1
74 silly currentTree ├── core-js@1.2.7
74 silly currentTree ├── core-util-is@1.0.2
74 silly currentTree ├── debug@2.6.9
74 silly currentTree ├─┬ deep-eql@0.1.3
74 silly currentTree │ └── type-detect@0.1.1
74 silly currentTree ├── defined@1.0.0
74 silly currentTree ├── detect-indent@4.0.0
74 silly currentTree ├── detective@4.7.0
74 silly currentTree ├── diff@1.4.0
74 silly currentTree ├── envify@3.4.1
74 silly currentTree ├── escape-string-regexp@1.0.5
74 silly currentTree ├── esprima-fb@15001.1.0-dev-harmony-fb
74 silly currentTree ├── esutils@2.0.2
74 silly currentTree ├── expand-brackets@0.1.5
74 silly currentTree ├── expand-range@1.8.2
74 silly currentTree ├── extglob@0.3.2
74 silly currentTree ├── fbjs@0.6.1
74 silly currentTree ├── filename-regex@2.0.1
74 silly currentTree ├── fill-range@2.2.3
74 silly currentTree ├── for-in@1.0.2
74 silly currentTree ├── for-own@0.1.5
74 silly currentTree ├── formatio@1.1.1
74 silly currentTree ├── fs-readdir-recursive@1.1.0
74 silly currentTree ├── fs.realpath@1.0.0
74 silly currentTree ├─┬ fsevents@1.1.3
74 silly currentTree │ ├── abbrev@1.1.0
74 silly currentTree │ ├── ajv@4.11.8
74 silly currentTree │ ├── ansi-regex@2.1.1
74 silly currentTree │ ├── aproba@1.1.1
74 silly currentTree │ ├── are-we-there-yet@1.1.4
74 silly currentTree │ ├── asn1@0.2.3
74 silly currentTree │ ├── assert-plus@0.2.0
74 silly currentTree │ ├── asynckit@0.4.0
74 silly currentTree │ ├── aws-sign2@0.6.0
74 silly currentTree │ ├── aws4@1.6.0
74 silly currentTree │ ├── balanced-match@0.4.2
74 silly currentTree │ ├── bcrypt-pbkdf@1.0.1
74 silly currentTree │ ├── block-stream@0.0.9
74 silly currentTree │ ├── boom@2.10.1
74 silly currentTree │ ├── brace-expansion@1.1.7
74 silly currentTree │ ├── buffer-shims@1.0.0
74 silly currentTree │ ├── caseless@0.12.0
74 silly currentTree │ ├── co@4.6.0
74 silly currentTree │ ├── code-point-at@1.1.0
74 silly currentTree │ ├── combined-stream@1.0.5
74 silly currentTree │ ├── concat-map@0.0.1
74 silly currentTree │ ├── console-control-strings@1.1.0
74 silly currentTree │ ├── core-util-is@1.0.2
74 silly currentTree │ ├── cryptiles@2.0.5
74 silly currentTree │ ├─┬ dashdash@1.14.1
74 silly currentTree │ │ └── assert-plus@1.0.0
74 silly currentTree │ ├── debug@2.6.8
74 silly currentTree │ ├── deep-extend@0.4.2
74 silly currentTree │ ├── delayed-stream@1.0.0
74 silly currentTree │ ├── delegates@1.0.0
74 silly currentTree │ ├── detect-libc@1.0.2
74 silly currentTree │ ├── ecc-jsbn@0.1.1
74 silly currentTree │ ├── extend@3.0.1
74 silly currentTree │ ├── extsprintf@1.0.2
74 silly currentTree │ ├── forever-agent@0.6.1
74 silly currentTree │ ├── form-data@2.1.4
74 silly currentTree │ ├── fs.realpath@1.0.0
74 silly currentTree │ ├── fstream-ignore@1.0.5
74 silly currentTree │ ├── fstream@1.0.11
74 silly currentTree │ ├── gauge@2.7.4
74 silly currentTree │ ├─┬ getpass@0.1.7
74 silly currentTree │ │ └── assert-plus@1.0.0
74 silly currentTree │ ├── glob@7.1.2
74 silly currentTree │ ├── graceful-fs@4.1.11
74 silly currentTree │ ├── har-schema@1.0.5
74 silly currentTree │ ├── har-validator@4.2.1
74 silly currentTree │ ├── has-unicode@2.0.1
74 silly currentTree │ ├── hawk@3.1.3
74 silly currentTree │ ├── hoek@2.16.3
74 silly currentTree │ ├── http-signature@1.1.1
74 silly currentTree │ ├── inflight@1.0.6
74 silly currentTree │ ├── inherits@2.0.3
74 silly currentTree │ ├── ini@1.3.4
74 silly currentTree │ ├── is-fullwidth-code-point@1.0.0
74 silly currentTree │ ├── is-typedarray@1.0.0
74 silly currentTree │ ├── isarray@1.0.0
74 silly currentTree │ ├── isstream@0.1.2
74 silly currentTree │ ├── jodid25519@1.0.2
74 silly currentTree │ ├── jsbn@0.1.1
74 silly currentTree │ ├── json-schema@0.2.3
74 silly currentTree │ ├── json-stable-stringify@1.0.1
74 silly currentTree │ ├── json-stringify-safe@5.0.1
74 silly currentTree │ ├── jsonify@0.0.0
74 silly currentTree │ ├─┬ jsprim@1.4.0
74 silly currentTree │ │ └── assert-plus@1.0.0
74 silly currentTree │ ├── mime-db@1.27.0
74 silly currentTree │ ├── mime-types@2.1.15
74 silly currentTree │ ├── minimatch@3.0.4
74 silly currentTree │ ├── minimist@0.0.8
74 silly currentTree │ ├── mkdirp@0.5.1
74 silly currentTree │ ├── ms@2.0.0
74 silly currentTree │ ├── node-pre-gyp@0.6.39
74 silly currentTree │ ├── nopt@4.0.1
74 silly currentTree │ ├── npmlog@4.1.0
74 silly currentTree │ ├── number-is-nan@1.0.1
74 silly currentTree │ ├── oauth-sign@0.8.2
74 silly currentTree │ ├── object-assign@4.1.1
74 silly currentTree │ ├── once@1.4.0
74 silly currentTree │ ├── os-homedir@1.0.2
74 silly currentTree │ ├── os-tmpdir@1.0.2
74 silly currentTree │ ├── osenv@0.1.4
74 silly currentTree │ ├── path-is-absolute@1.0.1
74 silly currentTree │ ├── performance-now@0.2.0
74 silly currentTree │ ├── process-nextick-args@1.0.7
74 silly currentTree │ ├── punycode@1.4.1
74 silly currentTree │ ├── qs@6.4.0
74 silly currentTree │ ├─┬ rc@1.2.1
74 silly currentTree │ │ └── minimist@1.2.0
74 silly currentTree │ ├── readable-stream@2.2.9
74 silly currentTree │ ├── request@2.81.0
74 silly currentTree │ ├── rimraf@2.6.1
74 silly currentTree │ ├── safe-buffer@5.0.1
74 silly currentTree │ ├── semver@5.3.0
74 silly currentTree │ ├── set-blocking@2.0.0
74 silly currentTree │ ├── signal-exit@3.0.2
74 silly currentTree │ ├── sntp@1.0.9
74 silly currentTree │ ├─┬ sshpk@1.13.0
74 silly currentTree │ │ └── assert-plus@1.0.0
74 silly currentTree │ ├── string_decoder@1.0.1
74 silly currentTree │ ├── string-width@1.0.2
74 silly currentTree │ ├── stringstream@0.0.5
74 silly currentTree │ ├── strip-ansi@3.0.1
74 silly currentTree │ ├── strip-json-comments@2.0.1
74 silly currentTree │ ├── tar-pack@3.4.0
74 silly currentTree │ ├── tar@2.2.1
74 silly currentTree │ ├── tough-cookie@2.3.2
74 silly currentTree │ ├── tunnel-agent@0.6.0
74 silly currentTree │ ├── tweetnacl@0.14.5
74 silly currentTree │ ├── uid-number@0.0.6
74 silly currentTree │ ├── util-deprecate@1.0.2
74 silly currentTree │ ├── uuid@3.0.1
74 silly currentTree │ ├── verror@1.3.6
74 silly currentTree │ ├── wide-align@1.1.2
74 silly currentTree │ └── wrappy@1.0.2
74 silly currentTree ├── glob-base@0.3.0
74 silly currentTree ├── glob-parent@2.0.0
74 silly currentTree ├── glob@5.0.15
74 silly currentTree ├── globals@9.18.0
74 silly currentTree ├── graceful-fs@4.1.11
74 silly currentTree ├── growl@1.8.1
74 silly currentTree ├── has-ansi@2.0.0
74 silly currentTree ├── home-or-tmp@2.0.0
74 silly currentTree ├── iconv-lite@0.4.19
74 silly currentTree ├── inflight@1.0.6
74 silly currentTree ├── inherits@2.0.3
74 silly currentTree ├── invariant@2.2.2
74 silly currentTree ├── is-binary-path@1.0.1
74 silly currentTree ├── is-buffer@1.1.6
74 silly currentTree ├── is-dotfile@1.0.3
74 silly currentTree ├── is-equal-shallow@0.1.3
74 silly currentTree ├── is-extendable@0.1.1
74 silly currentTree ├── is-extglob@1.0.0
74 silly currentTree ├── is-finite@1.0.2
74 silly currentTree ├── is-glob@2.0.1
74 silly currentTree ├── is-number@2.1.0
74 silly currentTree ├── is-posix-bracket@0.1.1
74 silly currentTree ├── is-primitive@2.0.0
74 silly currentTree ├── isarray@1.0.0
74 silly currentTree ├── isobject@2.1.0
74 silly currentTree ├─┬ jade@0.26.3
74 silly currentTree │ ├── commander@0.6.1
74 silly currentTree │ └── mkdirp@0.3.0
74 silly currentTree ├── jquery@2.2.4
74 silly currentTree ├── js-tokens@3.0.2
74 silly currentTree ├── jsesc@1.3.0
74 silly currentTree ├── json5@0.5.1
74 silly currentTree ├── jstransform@11.0.3
74 silly currentTree ├── kind-of@3.2.2
74 silly currentTree ├── lodash@4.17.4
74 silly currentTree ├── lolex@1.3.2
74 silly currentTree ├── loose-envify@1.3.1
74 silly currentTree ├── lru-cache@2.7.3
74 silly currentTree ├── micromatch@2.3.11
74 silly currentTree ├── minimatch@3.0.4
74 silly currentTree ├── minimist@0.0.8
74 silly currentTree ├── mkdirp@0.5.1
74 silly currentTree ├─┬ mocha@2.3.3
74 silly currentTree │ ├── commander@2.3.0
74 silly currentTree │ ├── debug@2.0.0
74 silly currentTree │ ├── escape-string-regexp@1.0.2
74 silly currentTree │ ├── glob@3.2.3
74 silly currentTree │ ├── graceful-fs@2.0.3
74 silly currentTree │ ├── minimatch@0.2.14
74 silly currentTree │ ├── mkdirp@0.5.0
74 silly currentTree │ ├── ms@0.6.2
74 silly currentTree │ └── supports-color@1.2.0
74 silly currentTree ├── ms@2.0.0
74 silly currentTree ├── nan@2.8.0
74 silly currentTree ├── normalize-path@2.1.1
74 silly currentTree ├── number-is-nan@1.0.1
74 silly currentTree ├── object-assign@2.1.1
74 silly currentTree ├── object.omit@2.0.1
74 silly currentTree ├── once@1.4.0
74 silly currentTree ├── os-homedir@1.0.2
74 silly currentTree ├── os-tmpdir@1.0.2
74 silly currentTree ├─┬ output-file-sync@1.1.2
74 silly currentTree │ └── object-assign@4.1.1
74 silly currentTree ├── parse-glob@3.0.4
74 silly currentTree ├── path-is-absolute@1.0.1
74 silly currentTree ├── preserve@0.2.0
74 silly currentTree ├── private@0.1.8
74 silly currentTree ├── process-nextick-args@1.0.7
74 silly currentTree ├── promise@7.3.1
74 silly currentTree ├── q@1.5.1
74 silly currentTree ├─┬ randomatic@1.1.7
74 silly currentTree │ ├─┬ is-number@3.0.0
74 silly currentTree │ │ └── kind-of@3.2.2
74 silly currentTree │ └── kind-of@4.0.0
74 silly currentTree ├── react-dom@0.14.9
74 silly currentTree ├── react@0.14.9
74 silly currentTree ├── readable-stream@2.3.3
74 silly currentTree ├── readdirp@2.1.0
74 silly currentTree ├─┬ recast@0.11.23
74 silly currentTree │ ├── esprima@3.1.3
74 silly currentTree │ └── source-map@0.5.7
74 silly currentTree ├── regenerate@1.3.3
74 silly currentTree ├── regenerator-runtime@0.11.1
74 silly currentTree ├── regenerator-transform@0.10.1
74 silly currentTree ├── regex-cache@0.4.4
74 silly currentTree ├── regexpu-core@2.0.0
74 silly currentTree ├── regjsgen@0.2.0
74 silly currentTree ├─┬ regjsparser@0.1.5
74 silly currentTree │ └── jsesc@0.5.0
74 silly currentTree ├── remove-trailing-separator@1.1.0
74 silly currentTree ├── repeat-element@1.1.2
74 silly currentTree ├── repeat-string@1.6.1
74 silly currentTree ├── repeating@2.0.1
74 silly currentTree ├── safe-buffer@5.1.1
74 silly currentTree ├── samsam@1.1.2
74 silly currentTree ├── set-immediate-shim@1.0.1
74 silly currentTree ├── sigmund@1.0.1
74 silly currentTree ├── sinon@1.17.3
74 silly currentTree ├── slash@1.0.0
74 silly currentTree ├─┬ source-map-support@0.4.18
74 silly currentTree │ └── source-map@0.5.7
74 silly currentTree ├── source-map@0.4.4
74 silly currentTree ├── string_decoder@1.0.3
74 silly currentTree ├── strip-ansi@3.0.1
74 silly currentTree ├── supports-color@2.0.0
74 silly currentTree ├── through@2.3.8
74 silly currentTree ├── to-fast-properties@1.0.3
74 silly currentTree ├── trim-right@1.0.1
74 silly currentTree ├── type-detect@1.0.0
74 silly currentTree ├── ua-parser-js@0.7.17
74 silly currentTree ├── user-home@1.1.1
74 silly currentTree ├── util-deprecate@1.0.2
74 silly currentTree ├─┬ util@0.10.3
74 silly currentTree │ └── inherits@2.0.1
74 silly currentTree ├── v8flags@2.1.1
74 silly currentTree ├── whatwg-fetch@0.9.0
74 silly currentTree └── wrappy@1.0.2
75 silly idealTree recast.ly@1.1.0
75 silly idealTree ├── acorn@5.2.1
75 silly idealTree ├── amdefine@1.0.1
75 silly idealTree ├── ansi-regex@2.1.1
75 silly idealTree ├── ansi-styles@2.2.1
75 silly idealTree ├── anymatch@1.3.2
75 silly idealTree ├── arr-diff@2.0.0
75 silly idealTree ├── arr-flatten@1.1.0
75 silly idealTree ├── array-unique@0.2.1
75 silly idealTree ├── asap@2.0.6
75 silly idealTree ├── assertion-error@1.0.2
75 silly idealTree ├── ast-types@0.9.6
75 silly idealTree ├── async-each@1.0.1
75 silly idealTree ├─┬ babel-cli@6.26.0
75 silly idealTree │ ├── glob@7.1.2
75 silly idealTree │ └── source-map@0.5.7
75 silly idealTree ├── babel-code-frame@6.26.0
75 silly idealTree ├─┬ babel-core@6.26.0
75 silly idealTree │ └── source-map@0.5.7
75 silly idealTree ├─┬ babel-generator@6.26.0
75 silly idealTree │ └── source-map@0.5.7
75 silly idealTree ├── babel-helper-builder-react-jsx@6.26.0
75 silly idealTree ├── babel-helper-call-delegate@6.24.1
75 silly idealTree ├── babel-helper-define-map@6.26.0
75 silly idealTree ├── babel-helper-function-name@6.24.1
75 silly idealTree ├── babel-helper-get-function-arity@6.24.1
75 silly idealTree ├── babel-helper-hoist-variables@6.24.1
75 silly idealTree ├── babel-helper-optimise-call-expression@6.24.1
75 silly idealTree ├── babel-helper-regex@6.26.0
75 silly idealTree ├── babel-helper-replace-supers@6.24.1
75 silly idealTree ├── babel-helpers@6.24.1
75 silly idealTree ├── babel-messages@6.23.0
75 silly idealTree ├── babel-plugin-check-es2015-constants@6.22.0
75 silly idealTree ├── babel-plugin-syntax-flow@6.18.0
75 silly idealTree ├── babel-plugin-syntax-jsx@6.18.0
75 silly idealTree ├── babel-plugin-transform-es2015-arrow-functions@6.22.0
75 silly idealTree ├── babel-plugin-transform-es2015-block-scoped-functions@6.22.0
75 silly idealTree ├── babel-plugin-transform-es2015-block-scoping@6.26.0
75 silly idealTree ├── babel-plugin-transform-es2015-classes@6.24.1
75 silly idealTree ├── babel-plugin-transform-es2015-computed-properties@6.24.1
75 silly idealTree ├── babel-plugin-transform-es2015-destructuring@6.23.0
75 silly idealTree ├── babel-plugin-transform-es2015-duplicate-keys@6.24.1
75 silly idealTree ├── babel-plugin-transform-es2015-for-of@6.23.0
75 silly idealTree ├── babel-plugin-transform-es2015-function-name@6.24.1
75 silly idealTree ├── babel-plugin-transform-es2015-literals@6.22.0
75 silly idealTree ├── babel-plugin-transform-es2015-modules-amd@6.24.1
75 silly idealTree ├── babel-plugin-transform-es2015-modules-commonjs@6.26.0
75 silly idealTree ├── babel-plugin-transform-es2015-modules-systemjs@6.24.1
75 silly idealTree ├── babel-plugin-transform-es2015-modules-umd@6.24.1
75 silly idealTree ├── babel-plugin-transform-es2015-object-super@6.24.1
75 silly idealTree ├── babel-plugin-transform-es2015-parameters@6.24.1
75 silly idealTree ├── babel-plugin-transform-es2015-shorthand-properties@6.24.1
75 silly idealTree ├── babel-plugin-transform-es2015-spread@6.22.0
75 silly idealTree ├── babel-plugin-transform-es2015-sticky-regex@6.24.1
75 silly idealTree ├── babel-plugin-transform-es2015-template-literals@6.22.0
75 silly idealTree ├── babel-plugin-transform-es2015-typeof-symbol@6.23.0
75 silly idealTree ├── babel-plugin-transform-es2015-unicode-regex@6.24.1
75 silly idealTree ├── babel-plugin-transform-flow-strip-types@6.22.0
75 silly idealTree ├── babel-plugin-transform-react-display-name@6.25.0
75 silly idealTree ├── babel-plugin-transform-react-jsx-self@6.22.0
75 silly idealTree ├── babel-plugin-transform-react-jsx-source@6.22.0
75 silly idealTree ├── babel-plugin-transform-react-jsx@6.24.1
75 silly idealTree ├── babel-plugin-transform-regenerator@6.26.0
75 silly idealTree ├── babel-plugin-transform-strict-mode@6.24.1
75 silly idealTree ├─┬ babel-polyfill@6.26.0
75 silly idealTree │ ├── core-js@2.5.3
75 silly idealTree │ └── regenerator-runtime@0.10.5
75 silly idealTree ├── babel-preset-es2015@6.24.1
75 silly idealTree ├── babel-preset-flow@6.23.0
75 silly idealTree ├── babel-preset-react@6.24.1
75 silly idealTree ├─┬ babel-register@6.26.0
75 silly idealTree │ └── core-js@2.5.3
75 silly idealTree ├─┬ babel-runtime@6.26.0
75 silly idealTree │ └── core-js@2.5.3
75 silly idealTree ├── babel-template@6.26.0
75 silly idealTree ├── babel-traverse@6.26.0
75 silly idealTree ├── babel-types@6.26.0
75 silly idealTree ├── babylon@6.18.0
75 silly idealTree ├── balanced-match@1.0.0
75 silly idealTree ├── base62@1.2.1
75 silly idealTree ├── binary-extensions@1.11.0
75 silly idealTree ├── bootstrap@4.0.0-beta.2
75 silly idealTree ├── brace-expansion@1.1.8
75 silly idealTree ├── braces@1.8.5
75 silly idealTree ├── chai@3.5.0
75 silly idealTree ├── chalk@1.1.3
75 silly idealTree ├── chokidar@1.7.0
75 silly idealTree ├── commander@2.12.2
75 silly idealTree ├── commoner@0.10.8
75 silly idealTree ├── concat-map@0.0.1
75 silly idealTree ├── convert-source-map@1.5.1
75 silly idealTree ├── core-js@1.2.7
75 silly idealTree ├── core-util-is@1.0.2
75 silly idealTree ├── debug@2.6.9
75 silly idealTree ├─┬ deep-eql@0.1.3
75 silly idealTree │ └── type-detect@0.1.1
75 silly idealTree ├── defined@1.0.0
75 silly idealTree ├── detect-indent@4.0.0
75 silly idealTree ├── detective@4.7.0
75 silly idealTree ├── diff@1.4.0
75 silly idealTree ├── envify@3.4.1
75 silly idealTree ├── escape-string-regexp@1.0.5
75 silly idealTree ├── esprima-fb@15001.1.0-dev-harmony-fb
75 silly idealTree ├── esutils@2.0.2
75 silly idealTree ├── expand-brackets@0.1.5
75 silly idealTree ├── expand-range@1.8.2
75 silly idealTree ├── extglob@0.3.2
75 silly idealTree ├── fbjs@0.6.1
75 silly idealTree ├── filename-regex@2.0.1
75 silly idealTree ├── fill-range@2.2.3
75 silly idealTree ├── for-in@1.0.2
75 silly idealTree ├── for-own@0.1.5
75 silly idealTree ├── formatio@1.1.1
75 silly idealTree ├── fs-readdir-recursive@1.1.0
75 silly idealTree ├── fs.realpath@1.0.0
75 silly idealTree ├─┬ fsevents@1.1.3
75 silly idealTree │ ├── abbrev@1.1.0
75 silly idealTree │ ├── ajv@4.11.8
75 silly idealTree │ ├── ansi-regex@2.1.1
75 silly idealTree │ ├── aproba@1.1.1
75 silly idealTree │ ├── are-we-there-yet@1.1.4
75 silly idealTree │ ├── asn1@0.2.3
75 silly idealTree │ ├── assert-plus@0.2.0
75 silly idealTree │ ├── asynckit@0.4.0
75 silly idealTree │ ├── aws-sign2@0.6.0
75 silly idealTree │ ├── aws4@1.6.0
75 silly idealTree │ ├── balanced-match@0.4.2
75 silly idealTree │ ├── bcrypt-pbkdf@1.0.1
75 silly idealTree │ ├── block-stream@0.0.9
75 silly idealTree │ ├── boom@2.10.1
75 silly idealTree │ ├── brace-expansion@1.1.7
75 silly idealTree │ ├── buffer-shims@1.0.0
75 silly idealTree │ ├── caseless@0.12.0
75 silly idealTree │ ├── co@4.6.0
75 silly idealTree │ ├── code-point-at@1.1.0
75 silly idealTree │ ├── combined-stream@1.0.5
75 silly idealTree │ ├── concat-map@0.0.1
75 silly idealTree │ ├── console-control-strings@1.1.0
75 silly idealTree │ ├── core-util-is@1.0.2
75 silly idealTree │ ├── cryptiles@2.0.5
75 silly idealTree │ ├─┬ dashdash@1.14.1
75 silly idealTree │ │ └── assert-plus@1.0.0
75 silly idealTree │ ├── debug@2.6.8
75 silly idealTree │ ├── deep-extend@0.4.2
75 silly idealTree │ ├── delayed-stream@1.0.0
75 silly idealTree │ ├── delegates@1.0.0
75 silly idealTree │ ├── detect-libc@1.0.2
75 silly idealTree │ ├── ecc-jsbn@0.1.1
75 silly idealTree │ ├── extend@3.0.1
75 silly idealTree │ ├── extsprintf@1.0.2
75 silly idealTree │ ├── forever-agent@0.6.1
75 silly idealTree │ ├── form-data@2.1.4
75 silly idealTree │ ├── fs.realpath@1.0.0
75 silly idealTree │ ├── fstream-ignore@1.0.5
75 silly idealTree │ ├── fstream@1.0.11
75 silly idealTree │ ├── gauge@2.7.4
75 silly idealTree │ ├─┬ getpass@0.1.7
75 silly idealTree │ │ └── assert-plus@1.0.0
75 silly idealTree │ ├── glob@7.1.2
75 silly idealTree │ ├── graceful-fs@4.1.11
75 silly idealTree │ ├── har-schema@1.0.5
75 silly idealTree │ ├── har-validator@4.2.1
75 silly idealTree │ ├── has-unicode@2.0.1
75 silly idealTree │ ├── hawk@3.1.3
75 silly idealTree │ ├── hoek@2.16.3
75 silly idealTree │ ├── http-signature@1.1.1
75 silly idealTree │ ├── inflight@1.0.6
75 silly idealTree │ ├── inherits@2.0.3
75 silly idealTree │ ├── ini@1.3.4
75 silly idealTree │ ├── is-fullwidth-code-point@1.0.0
75 silly idealTree │ ├── is-typedarray@1.0.0
75 silly idealTree │ ├── isarray@1.0.0
75 silly idealTree │ ├── isstream@0.1.2
75 silly idealTree │ ├── jodid25519@1.0.2
75 silly idealTree │ ├── jsbn@0.1.1
75 silly idealTree │ ├── json-schema@0.2.3
75 silly idealTree │ ├── json-stable-stringify@1.0.1
75 silly idealTree │ ├── json-stringify-safe@5.0.1
75 silly idealTree │ ├── jsonify@0.0.0
75 silly idealTree │ ├─┬ jsprim@1.4.0
75 silly idealTree │ │ └── assert-plus@1.0.0
75 silly idealTree │ ├── mime-db@1.27.0
75 silly idealTree │ ├── mime-types@2.1.15
75 silly idealTree │ ├── minimatch@3.0.4
75 silly idealTree │ ├── minimist@0.0.8
75 silly idealTree │ ├── mkdirp@0.5.1
75 silly idealTree │ ├── ms@2.0.0
75 silly idealTree │ ├── node-pre-gyp@0.6.39
75 silly idealTree │ ├── nopt@4.0.1
75 silly idealTree │ ├── npmlog@4.1.0
75 silly idealTree │ ├── number-is-nan@1.0.1
75 silly idealTree │ ├── oauth-sign@0.8.2
75 silly idealTree │ ├── object-assign@4.1.1
75 silly idealTree │ ├── once@1.4.0
75 silly idealTree │ ├── os-homedir@1.0.2
75 silly idealTree │ ├── os-tmpdir@1.0.2
75 silly idealTree │ ├── osenv@0.1.4
75 silly idealTree │ ├── path-is-absolute@1.0.1
75 silly idealTree │ ├── performance-now@0.2.0
75 silly idealTree │ ├── process-nextick-args@1.0.7
75 silly idealTree │ ├── punycode@1.4.1
75 silly idealTree │ ├── qs@6.4.0
75 silly idealTree │ ├─┬ rc@1.2.1
75 silly idealTree │ │ └── minimist@1.2.0
75 silly idealTree │ ├── readable-stream@2.2.9
75 silly idealTree │ ├── request@2.81.0
75 silly idealTree │ ├── rimraf@2.6.1
75 silly idealTree │ ├── safe-buffer@5.0.1
75 silly idealTree │ ├── semver@5.3.0
75 silly idealTree │ ├── set-blocking@2.0.0
75 silly idealTree │ ├── signal-exit@3.0.2
75 silly idealTree │ ├── sntp@1.0.9
75 silly idealTree │ ├─┬ sshpk@1.13.0
75 silly idealTree │ │ └── assert-plus@1.0.0
75 silly idealTree │ ├── string_decoder@1.0.1
75 silly idealTree │ ├── string-width@1.0.2
75 silly idealTree │ ├── stringstream@0.0.5
75 silly idealTree │ ├── strip-ansi@3.0.1
75 silly idealTree │ ├── strip-json-comments@2.0.1
75 silly idealTree │ ├── tar-pack@3.4.0
75 silly idealTree │ ├── tar@2.2.1
75 silly idealTree │ ├── tough-cookie@2.3.2
75 silly idealTree │ ├── tunnel-agent@0.6.0
75 silly idealTree │ ├── tweetnacl@0.14.5
75 silly idealTree │ ├── uid-number@0.0.6
75 silly idealTree │ ├── util-deprecate@1.0.2
75 silly idealTree │ ├── uuid@3.0.1
75 silly idealTree │ ├── verror@1.3.6
75 silly idealTree │ ├── wide-align@1.1.2
75 silly idealTree │ └── wrappy@1.0.2
75 silly idealTree ├── glob-base@0.3.0
75 silly idealTree ├── glob-parent@2.0.0
75 silly idealTree ├── glob@5.0.15
75 silly idealTree ├── globals@9.18.0
75 silly idealTree ├── graceful-fs@4.1.11
75 silly idealTree ├── growl@1.8.1
75 silly idealTree ├── has-ansi@2.0.0
75 silly idealTree ├── home-or-tmp@2.0.0
75 silly idealTree ├── iconv-lite@0.4.19
75 silly idealTree ├── inflight@1.0.6
75 silly idealTree ├── inherits@2.0.3
75 silly idealTree ├── invariant@2.2.2
75 silly idealTree ├── is-binary-path@1.0.1
75 silly idealTree ├── is-buffer@1.1.6
75 silly idealTree ├── is-dotfile@1.0.3
75 silly idealTree ├── is-equal-shallow@0.1.3
75 silly idealTree ├── is-extendable@0.1.1
75 silly idealTree ├── is-extglob@1.0.0
75 silly idealTree ├── is-finite@1.0.2
75 silly idealTree ├── is-glob@2.0.1
75 silly idealTree ├── is-number@2.1.0
75 silly idealTree ├── is-posix-bracket@0.1.1
75 silly idealTree ├── is-primitive@2.0.0
75 silly idealTree ├── isarray@1.0.0
75 silly idealTree ├── isobject@2.1.0
75 silly idealTree ├─┬ jade@0.26.3
75 silly idealTree │ ├── commander@0.6.1
75 silly idealTree │ └── mkdirp@0.3.0
75 silly idealTree ├── jquery@2.2.4
75 silly idealTree ├── js-tokens@3.0.2
75 silly idealTree ├── jsesc@1.3.0
75 silly idealTree ├── json5@0.5.1
75 silly idealTree ├── jstransform@11.0.3
75 silly idealTree ├── kind-of@3.2.2
75 silly idealTree ├── lodash@4.17.4
75 silly idealTree ├── lolex@1.3.2
75 silly idealTree ├── loose-envify@1.3.1
75 silly idealTree ├── lru-cache@2.7.3
75 silly idealTree ├── magic@1.0.3
75 silly idealTree ├── micromatch@2.3.11
75 silly idealTree ├── minimatch@3.0.4
75 silly idealTree ├── minimist@0.0.8
75 silly idealTree ├── mkdirp@0.5.1
75 silly idealTree ├─┬ mocha@2.3.3
75 silly idealTree │ ├── commander@2.3.0
75 silly idealTree │ ├── debug@2.0.0
75 silly idealTree │ ├── escape-string-regexp@1.0.2
75 silly idealTree │ ├── glob@3.2.3
75 silly idealTree │ ├── graceful-fs@2.0.3
75 silly idealTree │ ├── minimatch@0.2.14
75 silly idealTree │ ├── mkdirp@0.5.0
75 silly idealTree │ ├── ms@0.6.2
75 silly idealTree │ └── supports-color@1.2.0
75 silly idealTree ├── ms@2.0.0
75 silly idealTree ├── nan@2.8.0
75 silly idealTree ├── normalize-path@2.1.1
75 silly idealTree ├── number-is-nan@1.0.1
75 silly idealTree ├── object-assign@2.1.1
75 silly idealTree ├── object.omit@2.0.1
75 silly idealTree ├── once@1.4.0
75 silly idealTree ├── os-homedir@1.0.2
75 silly idealTree ├── os-tmpdir@1.0.2
75 silly idealTree ├─┬ output-file-sync@1.1.2
75 silly idealTree │ └── object-assign@4.1.1
75 silly idealTree ├── parse-glob@3.0.4
75 silly idealTree ├── path-is-absolute@1.0.1
75 silly idealTree ├── preserve@0.2.0
75 silly idealTree ├── private@0.1.8
75 silly idealTree ├── process-nextick-args@1.0.7
75 silly idealTree ├── promise@7.3.1
75 silly idealTree ├── q@1.5.1
75 silly idealTree ├─┬ randomatic@1.1.7
75 silly idealTree │ ├─┬ is-number@3.0.0
75 silly idealTree │ │ └── kind-of@3.2.2
75 silly idealTree │ └── kind-of@4.0.0
75 silly idealTree ├── react-dom@0.14.9
75 silly idealTree ├── react@0.14.9
75 silly idealTree ├── readable-stream@2.3.3
75 silly idealTree ├── readdirp@2.1.0
75 silly idealTree ├─┬ recast@0.11.23
75 silly idealTree │ ├── esprima@3.1.3
75 silly idealTree │ └── source-map@0.5.7
75 silly idealTree ├── regenerate@1.3.3
75 silly idealTree ├── regenerator-runtime@0.11.1
75 silly idealTree ├── regenerator-transform@0.10.1
75 silly idealTree ├── regex-cache@0.4.4
75 silly idealTree ├── regexpu-core@2.0.0
75 silly idealTree ├── regjsgen@0.2.0
75 silly idealTree ├─┬ regjsparser@0.1.5
75 silly idealTree │ └── jsesc@0.5.0
75 silly idealTree ├── remove-trailing-separator@1.1.0
75 silly idealTree ├── repeat-element@1.1.2
75 silly idealTree ├── repeat-string@1.6.1
75 silly idealTree ├── repeating@2.0.1
75 silly idealTree ├── safe-buffer@5.1.1
75 silly idealTree ├── samsam@1.1.2
75 silly idealTree ├── set-immediate-shim@1.0.1
75 silly idealTree ├── sigmund@1.0.1
75 silly idealTree ├── sinon@1.17.3
75 silly idealTree ├── slash@1.0.0
75 silly idealTree ├─┬ source-map-support@0.4.18
75 silly idealTree │ └── source-map@0.5.7
75 silly idealTree ├── source-map@0.4.4
75 silly idealTree ├── string_decoder@1.0.3
75 silly idealTree ├── strip-ansi@3.0.1
75 silly idealTree ├── supports-color@2.0.0
75 silly idealTree ├── through@2.3.8
75 silly idealTree ├── to-fast-properties@1.0.3
75 silly idealTree ├── trim-right@1.0.1
75 silly idealTree ├── type-detect@1.0.0
75 silly idealTree ├── ua-parser-js@0.7.17
75 silly idealTree ├── user-home@1.1.1
75 silly idealTree ├── util-deprecate@1.0.2
75 silly idealTree ├─┬ util@0.10.3
75 silly idealTree │ └── inherits@2.0.1
75 silly idealTree ├── v8flags@2.1.1
75 silly idealTree ├── whatwg-fetch@0.9.0
75 silly idealTree └── wrappy@1.0.2
76 silly generateActionsToTake Starting
77 silly install generateActionsToTake
78 silly generateActionsToTake Finishing
79 silly diffTrees action count 1
80 silly diffTrees add magic@1.0.3
81 silly decomposeActions action count 8
82 silly decomposeActions fetch magic@1.0.3
83 silly decomposeActions extract magic@1.0.3
84 silly decomposeActions test magic@1.0.3
85 silly decomposeActions preinstall magic@1.0.3
86 silly decomposeActions build magic@1.0.3
87 silly decomposeActions install magic@1.0.3
88 silly decomposeActions postinstall magic@1.0.3
89 silly decomposeActions finalize magic@1.0.3
90 silly runTopLevelLifecycles Starting
91 silly executeActions Starting
92 silly install executeActions
93 silly doSerial global-install 0
94 silly doParallel fetch 1
95 verbose correctMkdir /Users/student/.npm/_locks correctMkdir not in flight; initializing
96 verbose lock using /Users/student/.npm/_locks/staging-3fcff8801f5ade7a.lock for /Users/student/code/hrsf88-recast.ly/node_modules/.staging
97 silly doParallel extract 1
98 silly extract magic@1.0.3
99 verbose unbuild node_modules/.staging/magic-55524c07
100 silly gentlyRm /Users/student/code/hrsf88-recast.ly/node_modules/.staging/magic-55524c07 is being purged from base /Users/student/code/hrsf88-recast.ly
101 verbose gentlyRm don't care about contents; nuking /Users/student/code/hrsf88-recast.ly/node_modules/.staging/magic-55524c07
102 verbose tar unpack /Users/student/.npm/magic/1.0.3/package.tgz
103 verbose tar unpacking to /Users/student/code/hrsf88-recast.ly/node_modules/.staging/magic-55524c07
104 silly gentlyRm /Users/student/code/hrsf88-recast.ly/node_modules/.staging/magic-55524c07 is being purged
105 verbose gentlyRm don't care about contents; nuking /Users/student/code/hrsf88-recast.ly/node_modules/.staging/magic-55524c07
106 silly gunzTarPerm modes [ '755', '644' ]
107 silly gunzTarPerm extractEntry
108 silly gunzTarPerm extractEntry .gitignore
109 silly gunzTarPerm extractEntry src/
110 silly gunzTarPerm extractEntry src/wscript
111 silly gunzTarPerm extractEntry src/magic.cc
112 silly gunzTarPerm extractEntry package.json
113 silly gunzTarPerm extractEntry index.js
114 silly gunzTarPerm extractEntry README.markdown
115 silly gunzTarPerm extractEntry .npmignore
116 silly gunzTarPerm extractEntry runTest.js
117 silly gunzTarPerm extractEntry examples/
118 silly gunzTarPerm extractEntry examples/autoloader/
119 silly gunzTarPerm extractEntry examples/autoloader/bar/
120 silly gunzTarPerm extractEntry examples/autoloader/bar/baz.js
121 silly gunzTarPerm extractEntry examples/autoloader/bar/index.js
122 silly gunzTarPerm extractEntry examples/autoloader/foo.js
123 silly gunzTarPerm extractEntry examples/autoloader.js
124 silly gunzTarPerm extractEntry examples/magic.js
125 silly gunzTarPerm extractEntry examples/node_modules/
126 silly gunzTarPerm extractEntry examples/node_modules/hello.js
127 silly gunzTarPerm extractEntry Makefile
128 silly gunzTarPerm extractEntry lib/
129 silly gunzTarPerm extractEntry lib/magic.js
130 silly gunzTarPerm extractEntry LICENSE
131 silly gunzTarPerm extractEntry test/
132 silly gunzTarPerm extractEntry test/magic.js
133 silly gentlyRm /Users/student/code/hrsf88-recast.ly/node_modules/.staging/magic-55524c07/node_modules is being purged
134 verbose gentlyRm don't care about contents; nuking /Users/student/code/hrsf88-recast.ly/node_modules/.staging/magic-55524c07/node_modules
135 silly doParallel preinstall 1
136 silly preinstall magic@1.0.3 /Users/student/code/hrsf88-recast.ly/node_modules/.staging/magic-55524c07
137 info lifecycle magic@1.0.3~preinstall: magic@1.0.3
138 verbose lifecycle magic@1.0.3~preinstall: unsafe-perm in lifecycle true
139 verbose lifecycle magic@1.0.3~preinstall: PATH: /Users/student/.nvm/versions/node/v6.11.3/lib/node_modules/npm/bin/node-gyp-bin:/Users/student/code/hrsf88-recast.ly/node_modules/.staging/magic-55524c07/node_modules/.bin:/Users/student/code/hrsf88-recast.ly/node_modules/.bin:/Users/student/.nvm/versions/node/v6.11.3/bin:/usr/local/opt/sqlite/bin:/usr/local/bin:/usr/bin:/bin:/usr/sbin:/sbin
140 verbose lifecycle magic@1.0.3~preinstall: CWD: /Users/student/code/hrsf88-recast.ly/node_modules/.staging/magic-55524c07
141 silly lifecycle magic@1.0.3~preinstall: Args: [ '-c', 'make makelibs' ]
142 silly lifecycle magic@1.0.3~preinstall: Returned: code: 69  signal: null
143 info lifecycle magic@1.0.3~preinstall: Failed to exec preinstall script
144 verbose unlock done using /Users/student/.npm/_locks/staging-3fcff8801f5ade7a.lock for /Users/student/code/hrsf88-recast.ly/node_modules/.staging
145 silly rollbackFailedOptional Starting
146 silly rollbackFailedOptional Finishing
147 silly runTopLevelLifecycles Finishing
148 silly install printInstalled
149 warn bootstrap@4.0.0-beta.2 requires a peer of popper.js@^1.12.3 but none was installed.
150 verbose If you need help, you may report this error at:
150 verbose     <https://github.com/npm/npm/issues>
151 verbose stack Error: magic@1.0.3 preinstall: `make makelibs`
151 verbose stack Exit status 69
151 verbose stack     at EventEmitter.<anonymous> (/Users/student/.nvm/versions/node/v6.11.3/lib/node_modules/npm/lib/utils/lifecycle.js:255:16)
151 verbose stack     at emitTwo (events.js:106:13)
151 verbose stack     at EventEmitter.emit (events.js:191:7)
151 verbose stack     at ChildProcess.<anonymous> (/Users/student/.nvm/versions/node/v6.11.3/lib/node_modules/npm/lib/utils/spawn.js:40:14)
151 verbose stack     at emitTwo (events.js:106:13)
151 verbose stack     at ChildProcess.emit (events.js:191:7)
151 verbose stack     at maybeClose (internal/child_process.js:920:16)
151 verbose stack     at Process.ChildProcess._handle.onexit (internal/child_process.js:230:5)
152 verbose pkgid magic@1.0.3
153 verbose cwd /Users/student/code/hrsf88-recast.ly
154 error Darwin 16.7.0
155 error argv "/Users/student/.nvm/versions/node/v6.11.3/bin/node" "/Users/student/.nvm/versions/node/v6.11.3/bin/npm" "install" "magic"
156 error node v6.11.3
157 error npm  v3.10.10
158 error code ELIFECYCLE
159 error magic@1.0.3 preinstall: `make makelibs`
159 error Exit status 69
160 error Failed at the magic@1.0.3 preinstall script 'make makelibs'.
160 error Make sure you have the latest version of node.js and npm installed.
160 error If you do, this is most likely a problem with the magic package,
160 error not with npm itself.
160 error Tell the author that this fails on your system:
160 error     make makelibs
160 error You can get information on how to open an issue for this project with:
160 error     npm bugs magic
160 error Or if that isn't available, you can get their info via:
160 error     npm owner ls magic
160 error There is likely additional logging output above.
161 verbose exit [ 1, true ]
